<?xml version="1.0" encoding="UTF-8"?>
<!-- Generated by org.testng.reporters.JUnitReportReporter -->
<testsuite hostname="DESKTOP-E0CEB8K" failures="0" tests="3" name="test.Demo3" time="0.032" errors="0" timestamp="2024-05-27T00:10:28 GMT-07:00" skipped="0">
  <testcase classname="test.Demo3" name="MobileCarlogin" time="0.008"/>
  <system-out/>
  <testcase classname="test.Demo3" name="WebApicarloan" time="0.021"/>
  <system-out/>
  <testcase classname="test.Demo3" name="WebloginCarLoan" time="0.003"/>
  <system-out/>
</testsuite> <!-- test.Demo3 -->
