<?xml version="1.0" encoding="UTF-8"?>
<!-- Generated by org.testng.reporters.JUnitReportReporter -->
<testsuite hostname="DESKTOP-E0CEB8K" failures="0" tests="3" name="test.Demo4" time="0.025" errors="0" timestamp="2024-05-27T00:10:28 GMT-07:00" skipped="0">
  <testcase classname="test.Demo4" name="MobileHomelogin" time="0.006"/>
  <system-out/>
  <testcase classname="test.Demo4" name="WebloginHomeLoan" time="0.011"/>
  <system-out/>
  <testcase classname="test.Demo4" name="WebApiHomeloan" time="0.008"/>
  <system-out/>
</testsuite> <!-- test.Demo4 -->
