<?xml version="1.0" encoding="UTF-8"?>
<!-- Generated by org.testng.reporters.JUnitReportReporter -->
<testsuite hostname="DESKTOP-E0CEB8K" failures="0" tests="2" name="test.Basic" time="0.015" errors="0" timestamp="2024-05-27T00:10:28 GMT-07:00" skipped="0">
  <testcase classname="test.Basic" name="second" time="0.002"/>
  <system-out/>
  <testcase classname="test.Basic" name="Demo" time="0.013"/>
  <system-out/>
</testsuite> <!-- test.Basic -->
